Determining if the pthread_create exist failed with the following output:
Change Dir: /home/bbpezeshki/VSCode/abstraction-sampling/_build_3.07/CMakeFiles/CMakeTmp

Run Build Command:"/usr/bin/make" "cmTC_0612e/fast"
/usr/bin/make -f CMakeFiles/cmTC_0612e.dir/build.make CMakeFiles/cmTC_0612e.dir/build
make[1]: Entering directory '/home/bbpezeshki/VSCode/abstraction-sampling/_build_3.07/CMakeFiles/CMakeTmp'
Building C object CMakeFiles/cmTC_0612e.dir/CheckSymbolExists.c.o
/usr/bin/cc    -o CMakeFiles/cmTC_0612e.dir/CheckSymbolExists.c.o   -c /home/bbpezeshki/VSCode/abstraction-sampling/_build_3.07/CMakeFiles/CMakeTmp/CheckSymbolExists.c
Linking C executable cmTC_0612e
/usr/bin/cmake -E cmake_link_script CMakeFiles/cmTC_0612e.dir/link.txt --verbose=1
/usr/bin/cc      -rdynamic CMakeFiles/cmTC_0612e.dir/CheckSymbolExists.c.o  -o cmTC_0612e 
CMakeFiles/cmTC_0612e.dir/CheckSymbolExists.c.o: In function `main':
CheckSymbolExists.c:(.text+0x1b): undefined reference to `pthread_create'
collect2: error: ld returned 1 exit status
CMakeFiles/cmTC_0612e.dir/build.make:97: recipe for target 'cmTC_0612e' failed
make[1]: *** [cmTC_0612e] Error 1
make[1]: Leaving directory '/home/bbpezeshki/VSCode/abstraction-sampling/_build_3.07/CMakeFiles/CMakeTmp'
Makefile:126: recipe for target 'cmTC_0612e/fast' failed
make: *** [cmTC_0612e/fast] Error 2

File /home/bbpezeshki/VSCode/abstraction-sampling/_build_3.07/CMakeFiles/CMakeTmp/CheckSymbolExists.c:
/* */
#include <pthread.h>

int main(int argc, char** argv)
{
  (void)argv;
#ifndef pthread_create
  return ((int*)(&pthread_create))[argc];
#else
  (void)argc;
  return 0;
#endif
}

Determining if the function pthread_create exists in the pthreads failed with the following output:
Change Dir: /home/bbpezeshki/VSCode/abstraction-sampling/_build_3.07/CMakeFiles/CMakeTmp

Run Build Command:"/usr/bin/make" "cmTC_c1f02/fast"
/usr/bin/make -f CMakeFiles/cmTC_c1f02.dir/build.make CMakeFiles/cmTC_c1f02.dir/build
make[1]: Entering directory '/home/bbpezeshki/VSCode/abstraction-sampling/_build_3.07/CMakeFiles/CMakeTmp'
Building C object CMakeFiles/cmTC_c1f02.dir/CheckFunctionExists.c.o
/usr/bin/cc   -DCHECK_FUNCTION_EXISTS=pthread_create   -o CMakeFiles/cmTC_c1f02.dir/CheckFunctionExists.c.o   -c /usr/share/cmake-3.10/Modules/CheckFunctionExists.c
Linking C executable cmTC_c1f02
/usr/bin/cmake -E cmake_link_script CMakeFiles/cmTC_c1f02.dir/link.txt --verbose=1
/usr/bin/cc  -DCHECK_FUNCTION_EXISTS=pthread_create    -rdynamic CMakeFiles/cmTC_c1f02.dir/CheckFunctionExists.c.o  -o cmTC_c1f02 -lpthreads 
/usr/bin/ld: cannot find -lpthreads
collect2: error: ld returned 1 exit status
CMakeFiles/cmTC_c1f02.dir/build.make:97: recipe for target 'cmTC_c1f02' failed
make[1]: *** [cmTC_c1f02] Error 1
make[1]: Leaving directory '/home/bbpezeshki/VSCode/abstraction-sampling/_build_3.07/CMakeFiles/CMakeTmp'
Makefile:126: recipe for target 'cmTC_c1f02/fast' failed
make: *** [cmTC_c1f02/fast] Error 2


