Determining if the pthread_create exist failed with the following output:
Change Dir: /home/bbpezeshki/VSCode/abstraction-sampling/_build_3.12_simplified_evid_read_in/CMakeFiles/CMakeTmp

Run Build Command:"/usr/bin/make" "cmTC_81539/fast"
/usr/bin/make -f CMakeFiles/cmTC_81539.dir/build.make CMakeFiles/cmTC_81539.dir/build
make[1]: Entering directory '/home/bbpezeshki/VSCode/abstraction-sampling/_build_3.12_simplified_evid_read_in/CMakeFiles/CMakeTmp'
Building C object CMakeFiles/cmTC_81539.dir/CheckSymbolExists.c.o
/usr/bin/cc    -o CMakeFiles/cmTC_81539.dir/CheckSymbolExists.c.o   -c /home/bbpezeshki/VSCode/abstraction-sampling/_build_3.12_simplified_evid_read_in/CMakeFiles/CMakeTmp/CheckSymbolExists.c
Linking C executable cmTC_81539
/usr/bin/cmake -E cmake_link_script CMakeFiles/cmTC_81539.dir/link.txt --verbose=1
/usr/bin/cc      -rdynamic CMakeFiles/cmTC_81539.dir/CheckSymbolExists.c.o  -o cmTC_81539 
CMakeFiles/cmTC_81539.dir/CheckSymbolExists.c.o: In function `main':
CheckSymbolExists.c:(.text+0x1b): undefined reference to `pthread_create'
collect2: error: ld returned 1 exit status
CMakeFiles/cmTC_81539.dir/build.make:97: recipe for target 'cmTC_81539' failed
make[1]: *** [cmTC_81539] Error 1
make[1]: Leaving directory '/home/bbpezeshki/VSCode/abstraction-sampling/_build_3.12_simplified_evid_read_in/CMakeFiles/CMakeTmp'
Makefile:126: recipe for target 'cmTC_81539/fast' failed
make: *** [cmTC_81539/fast] Error 2

File /home/bbpezeshki/VSCode/abstraction-sampling/_build_3.12_simplified_evid_read_in/CMakeFiles/CMakeTmp/CheckSymbolExists.c:
/* */
#include <pthread.h>

int main(int argc, char** argv)
{
  (void)argv;
#ifndef pthread_create
  return ((int*)(&pthread_create))[argc];
#else
  (void)argc;
  return 0;
#endif
}

Determining if the function pthread_create exists in the pthreads failed with the following output:
Change Dir: /home/bbpezeshki/VSCode/abstraction-sampling/_build_3.12_simplified_evid_read_in/CMakeFiles/CMakeTmp

Run Build Command:"/usr/bin/make" "cmTC_d395f/fast"
/usr/bin/make -f CMakeFiles/cmTC_d395f.dir/build.make CMakeFiles/cmTC_d395f.dir/build
make[1]: Entering directory '/home/bbpezeshki/VSCode/abstraction-sampling/_build_3.12_simplified_evid_read_in/CMakeFiles/CMakeTmp'
Building C object CMakeFiles/cmTC_d395f.dir/CheckFunctionExists.c.o
/usr/bin/cc   -DCHECK_FUNCTION_EXISTS=pthread_create   -o CMakeFiles/cmTC_d395f.dir/CheckFunctionExists.c.o   -c /usr/share/cmake-3.10/Modules/CheckFunctionExists.c
Linking C executable cmTC_d395f
/usr/bin/cmake -E cmake_link_script CMakeFiles/cmTC_d395f.dir/link.txt --verbose=1
/usr/bin/cc  -DCHECK_FUNCTION_EXISTS=pthread_create    -rdynamic CMakeFiles/cmTC_d395f.dir/CheckFunctionExists.c.o  -o cmTC_d395f -lpthreads 
/usr/bin/ld: cannot find -lpthreads
collect2: error: ld returned 1 exit status
CMakeFiles/cmTC_d395f.dir/build.make:97: recipe for target 'cmTC_d395f' failed
make[1]: *** [cmTC_d395f] Error 1
make[1]: Leaving directory '/home/bbpezeshki/VSCode/abstraction-sampling/_build_3.12_simplified_evid_read_in/CMakeFiles/CMakeTmp'
Makefile:126: recipe for target 'cmTC_d395f/fast' failed
make: *** [cmTC_d395f/fast] Error 2


